<?xml version="1.0" encoding="UTF-8"?>
<!-- Generated by org.testng.reporters.JUnitXMLReporter -->
<testsuite hostname="E2GHADDMJ5L8NU7" name="LoginTest" tests="3" failures="0" timestamp="10 Nov 2017 10:01:08 GMT" time="48.494" errors="0">
  <testcase name="open_urltest" time="11.557" classname="com.netease.com.testcase.LoginTest"/>
  <testcase name="logintest" time="31.036" classname="com.netease.com.testcase.LoginTest"/>
  <testcase name="logoutest" time="5.878" classname="com.netease.com.testcase.LoginTest"/>
</testsuite> <!-- LoginTest -->
