<?xml version="1.0" encoding="UTF-8"?>
<!-- Generated by org.testng.reporters.JUnitXMLReporter -->
<testsuite hostname="E2GHADDMJ5L8NU7" name="LoginTest" tests="4" failures="0" timestamp="10 Nov 2017 10:02:46 GMT" time="81.82" errors="0">
  <testcase name="createpatientnormaltest" time="39.167" classname="com.netease.com.testcase.OperatePatientTest"/>
  <testcase name="createpatientlessmessagetest" time="6.462" classname="com.netease.com.testcase.OperatePatientTest"/>
  <testcase name="editpatientWetest" time="17.454" classname="com.netease.com.testcase.OperatePatientTest"/>
  <testcase name="deletepatientWetest" time="18.701" classname="com.netease.com.testcase.OperatePatientTest"/>
</testsuite> <!-- LoginTest -->
